AUTHORS
Copyright
FEATURES
INSTALL
NEWS
README.libxslt.md
TODO
libexslt/common.c
libexslt/crypto.c
libexslt/date.c
libexslt/dynamic.c
libexslt/exslt.c
libexslt/exslt.h
libexslt/exsltexports.h
libexslt/functions.c
libexslt/libexslt.h
libexslt/math.c
libexslt/saxon.c
libexslt/sets.c
libexslt/strings.c
libxslt/attributes.c
libxslt/attributes.h
libxslt/attrvt.c
libxslt/documents.c
libxslt/documents.h
libxslt/extensions.c
libxslt/extensions.h
libxslt/extra.c
libxslt/extra.h
libxslt/functions.c
libxslt/functions.h
libxslt/imports.c
libxslt/imports.h
libxslt/keys.c
libxslt/keys.h
libxslt/libxslt.h
libxslt/namespaces.c
libxslt/namespaces.h
libxslt/numbers.c
libxslt/numbersInternals.h
libxslt/pattern.c
libxslt/pattern.h
libxslt/preproc.c
libxslt/preproc.h
libxslt/security.c
libxslt/security.h
libxslt/templates.c
libxslt/templates.h
libxslt/transform.c
libxslt/transform.h
libxslt/trio.h
libxslt/triodef.h
libxslt/variables.c
libxslt/variables.h
libxslt/win32config.h
libxslt/xslt.c
libxslt/xslt.h
libxslt/xsltInternals.h
libxslt/xsltexports.h
libxslt/xsltlocale.c
libxslt/xsltlocale.h
libxslt/xsltutils.c
libxslt/xsltutils.h
xsltproc/testThreads.c
xsltproc/xsltproc.c
